Flow report for de1soc
Wed Feb 14 05:04:03 2018
Quartus Prime Version 16.0.0 Build 211 04/27/2016 SJ Lite Edition


---------------------
; Table of Contents ;
---------------------
  1. Legal Notice
  2. Flow Summary
  3. Flow Settings
  4. Flow Non-Default Global Settings
  5. Flow Elapsed Time
  6. Flow OS Summary
  7. Flow Log
  8. Flow Messages
  9. Flow Suppressed Messages



----------------
; Legal Notice ;
----------------
Copyright (C) 1991-2016 Altera Corporation. All rights reserved.
Your use of Altera Corporation's design tools, logic functions 
and other software and tools, and its AMPP partner logic 
functions, and any output files from any of the foregoing 
(including device programming or simulation files), and any 
associated documentation or information are expressly subject 
to the terms and conditions of the Altera Program License 
Subscription Agreement, the Altera Quartus Prime License Agreement,
the Altera MegaCore Function License Agreement, or other 
applicable license agreement, including, without limitation, 
that your use is for the sole purpose of programming logic 
devices manufactured by Altera and sold by Altera or its 
authorized distributors.  Please refer to the applicable 
agreement for further details.



+-------------------------------------------------------------------------------+
; Flow Summary                                                                  ;
+---------------------------------+---------------------------------------------+
; Flow Status                     ; Successful - Wed Feb 14 05:03:33 2018       ;
; Quartus Prime Version           ; 16.0.0 Build 211 04/27/2016 SJ Lite Edition ;
; Revision Name                   ; de1soc                                      ;
; Top-level Entity Name           ; de1soc_top                                  ;
; Family                          ; Cyclone V                                   ;
; Device                          ; 5CSEMA5F31C6                                ;
; Timing Models                   ; Final                                       ;
; Logic utilization (in ALMs)     ; 904 / 32,070 ( 3 % )                        ;
; Total registers                 ; 1294                                        ;
; Total pins                      ; 96 / 457 ( 21 % )                           ;
; Total virtual pins              ; 0                                           ;
; Total block memory bits         ; 255,712 / 4,065,280 ( 6 % )                 ;
; Total DSP Blocks                ; 0 / 87 ( 0 % )                              ;
; Total HSSI RX PCSs              ; 0                                           ;
; Total HSSI PMA RX Deserializers ; 0                                           ;
; Total HSSI TX PCSs              ; 0                                           ;
; Total HSSI PMA TX Serializers   ; 0                                           ;
; Total PLLs                      ; 1 / 6 ( 17 % )                              ;
; Total DLLs                      ; 0 / 4 ( 0 % )                               ;
+---------------------------------+---------------------------------------------+


+-----------------------------------------+
; Flow Settings                           ;
+-------------------+---------------------+
; Option            ; Setting             ;
+-------------------+---------------------+
; Start date & time ; 02/14/2018 04:59:02 ;
; Main task         ; Compilation         ;
; Revision Name     ; de1soc              ;
+-------------------+---------------------+


+-------------------------------------------------------------------------------------------------------------------------------------------------+
; Flow Non-Default Global Settings                                                                                                                ;
+--------------------------------------+---------------------------------------------------------------+---------------+-------------+------------+
; Assignment Name                      ; Value                                                         ; Default Value ; Entity Name ; Section Id ;
+--------------------------------------+---------------------------------------------------------------+---------------+-------------+------------+
; COMPILER_SIGNATURE_ID                ; 277807412907363.151860234205264                               ; --            ; --          ; --         ;
; FITTER_EFFORT                        ; Standard Fit                                                  ; Auto Fit      ; --          ; --         ;
; MAX_CORE_JUNCTION_TEMP               ; 85                                                            ; --            ; --          ; --         ;
; MIN_CORE_JUNCTION_TEMP               ; 0                                                             ; --            ; --          ; --         ;
; MISC_FILE                            ; nios_system/synthesis/../nios_system.cmp                      ; --            ; --          ; --         ;
; MISC_FILE                            ; nios_system/synthesis/../../nios_system.qsys                  ; --            ; --          ; --         ;
; MUX_RESTRUCTURE                      ; Off                                                           ; Auto          ; --          ; --         ;
; OPTIMIZATION_MODE                    ; Aggressive Performance                                        ; Balanced      ; --          ; --         ;
; OPTIMIZATION_TECHNIQUE               ; Speed                                                         ; Balanced      ; --          ; --         ;
; PARTITION_COLOR                      ; 16764057                                                      ; --            ; de1soc_top  ; Top        ;
; PARTITION_FITTER_PRESERVATION_LEVEL  ; PLACEMENT_AND_ROUTING                                         ; --            ; de1soc_top  ; Top        ;
; PARTITION_NETLIST_TYPE               ; SOURCE                                                        ; --            ; de1soc_top  ; Top        ;
; PHYSICAL_SYNTHESIS_COMBO_LOGIC       ; On                                                            ; Off           ; --          ; --         ;
; PHYSICAL_SYNTHESIS_REGISTER_RETIMING ; On                                                            ; Off           ; --          ; --         ;
; PLACEMENT_EFFORT_MULTIPLIER          ; 4.0                                                           ; 1.0           ; --          ; --         ;
; POWER_BOARD_THERMAL_MODEL            ; None (CONSERVATIVE)                                           ; --            ; --          ; --         ;
; POWER_PRESET_COOLING_SOLUTION        ; 23 MM HEAT SINK WITH 200 LFPM AIRFLOW                         ; --            ; --          ; --         ;
; PROJECT_OUTPUT_DIRECTORY             ; out                                                           ; --            ; --          ; --         ;
; ROUTER_TIMING_OPTIMIZATION_LEVEL     ; MAXIMUM                                                       ; Normal        ; --          ; --         ;
; SLD_FILE                             ; nios_system/synthesis/nios_system.regmap                      ; --            ; --          ; --         ;
; SLD_FILE                             ; nios_system/synthesis/nios_system.debuginfo                   ; --            ; --          ; --         ;
; SLD_INFO                             ; QSYS_NAME nios_system HAS_SOPCINFO 1 GENERATION_ID 1518602261 ; --            ; nios_system ; --         ;
; SOPCINFO_FILE                        ; nios_system/synthesis/../../nios_system.sopcinfo              ; --            ; --          ; --         ;
; SYNTHESIS_ONLY_QIP                   ; On                                                            ; --            ; --          ; --         ;
; TOP_LEVEL_ENTITY                     ; de1soc_top                                                    ; de1soc        ; --          ; --         ;
+--------------------------------------+---------------------------------------------------------------+---------------+-------------+------------+


+-------------------------------------------------------------------------------------------------------------------------------+
; Flow Elapsed Time                                                                                                             ;
+---------------------------+--------------+-------------------------+---------------------+------------------------------------+
; Module Name               ; Elapsed Time ; Average Processors Used ; Peak Virtual Memory ; Total CPU Time (on all processors) ;
+---------------------------+--------------+-------------------------+---------------------+------------------------------------+
; Analysis & Synthesis      ; 00:01:16     ; 1.0                     ; 1090 MB             ; 00:02:30                           ;
; Fitter                    ; 00:02:57     ; 1.0                     ; 2735 MB             ; 00:03:49                           ;
; Assembler                 ; 00:00:12     ; 1.0                     ; 988 MB              ; 00:00:12                           ;
; TimeQuest Timing Analyzer ; 00:00:28     ; 1.0                     ; 1542 MB             ; 00:00:28                           ;
; Total                     ; 00:04:53     ; --                      ; --                  ; 00:06:59                           ;
+---------------------------+--------------+-------------------------+---------------------+------------------------------------+


+----------------------------------------------------------------------------------------+
; Flow OS Summary                                                                        ;
+---------------------------+------------------+-----------+------------+----------------+
; Module Name               ; Machine Hostname ; OS Name   ; OS Version ; Processor type ;
+---------------------------+------------------+-----------+------------+----------------+
; Analysis & Synthesis      ; DESKTOP-NBJIGV7  ; Windows 8 ; 6.2        ; x86_64         ;
; Fitter                    ; DESKTOP-NBJIGV7  ; Windows 8 ; 6.2        ; x86_64         ;
; Assembler                 ; DESKTOP-NBJIGV7  ; Windows 8 ; 6.2        ; x86_64         ;
; TimeQuest Timing Analyzer ; DESKTOP-NBJIGV7  ; Windows 8 ; 6.2        ; x86_64         ;
+---------------------------+------------------+-----------+------------+----------------+


------------
; Flow Log ;
------------
quartus_map --read_settings_files=on --write_settings_files=off de1soc -c de1soc
quartus_fit --read_settings_files=off --write_settings_files=off de1soc -c de1soc
quartus_asm --read_settings_files=off --write_settings_files=off de1soc -c de1soc
quartus_sta de1soc -c de1soc



